# JRE version: OpenJDK Runtime Environment JBR-11.0.11.9-1341.60-jcef (11.0.11+9) (build 11.0.11+9-b1341.60)
# Java VM: OpenJDK 64-Bit Server VM JBR-11.0.11.9-1341.60-jcef (11.0.11+9-b1341.60, mixed mode, tiered, compressed oops, g1 gc, windows-amd64)
Heap:
 garbage-first heap   total 157696K, used 14130K [0x0000000081800000, 0x0000000100000000)
  region size 1024K, 5 young (5120K), 5 survivors (5120K)
 Metaspace       used 34693K, capacity 35972K, committed 36048K, reserved 1081344K
  class space    used 4348K, capacity 4891K, committed 4940K, reserved 1048576K
GC Heap History (13 events):
Event: 2.073 GC heap before
{Heap before GC invocations=0 (full 0):
 garbage-first heap   total 131072K, used 13312K [0x0000000081800000, 0x0000000100000000)
  region size 1024K, 14 young (14336K), 0 survivors (0K)
 Metaspace       used 13239K, capacity 13556K, committed 13824K, reserved 1060864K
  class space    used 1374K, capacity 1476K, committed 1536K, reserved 1048576K
}
Event: 2.087 GC heap after
{Heap after GC invocations=1 (full 0):
 garbage-first heap   total 131072K, used 5290K [0x0000000081800000, 0x0000000100000000)
  region size 1024K, 2 young (2048K), 2 survivors (2048K)
 Metaspace       used 13239K, capacity 13556K, committed 13824K, reserved 1060864K
  class space    used 1374K, capacity 1476K, committed 1536K, reserved 1048576K
}
Event: 2.296 GC heap before
{Heap before GC invocations=1 (full 0):
 garbage-first heap   total 131072K, used 11434K [0x0000000081800000, 0x0000000100000000)
  region size 1024K, 8 young (8192K), 2 survivors (2048K)
 Metaspace       used 14329K, capacity 14733K, committed 14976K, reserved 1062912K
  class space    used 1516K, capacity 1638K, committed 1664K, reserved 1048576K
}
Event: 2.301 GC heap after
{Heap after GC invocations=2 (full 0):
 garbage-first heap   total 131072K, used 5682K [0x0000000081800000, 0x0000000100000000)
  region size 1024K, 1 young (1024K), 1 survivors (1024K)
 Metaspace       used 14329K, capacity 14733K, committed 14976K, reserved 1062912K
  class space    used 1516K, capacity 1638K, committed 1664K, reserved 1048576K
}
Event: 3.294 GC heap before
{Heap before GC invocations=2 (full 0):
 garbage-first heap   total 131072K, used 26162K [0x0000000081800000, 0x0000000100000000)
  region size 1024K, 22 young (22528K), 1 survivors (1024K)
 Metaspace       used 19250K, capacity 19821K, committed 19968K, reserved 1067008K
  class space    used 2253K, capacity 2499K, committed 2560K, reserved 1048576K
}
Event: 3.313 GC heap after
{Heap after GC invocations=3 (full 0):
 garbage-first heap   total 131072K, used 7176K [0x0000000081800000, 0x0000000100000000)
  region size 1024K, 2 young (2048K), 2 survivors (2048K)
 Metaspace       used 19250K, capacity 19821K, committed 19968K, reserved 1067008K
  class space    used 2253K, capacity 2499K, committed 2560K, reserved 1048576K
}
Event: 3.413 GC heap before
{Heap before GC invocations=3 (full 0):
 garbage-first heap   total 131072K, used 11272K [0x0000000081800000, 0x0000000100000000)
  region size 1024K, 8 young (8192K), 2 survivors (2048K)
 Metaspace       used 20561K, capacity 21188K, committed 21296K, reserved 1069056K
  class space    used 2401K, capacity 2682K, committed 2688K, reserved 1048576K
}
Event: 3.418 GC heap after
{Heap after GC invocations=4 (full 0):
 garbage-first heap   total 131072K, used 7471K [0x0000000081800000, 0x0000000100000000)
  region size 1024K, 3 young (3072K), 3 survivors (3072K)
 Metaspace       used 20561K, capacity 21188K, committed 21296K, reserved 1069056K
  class space    used 2401K, capacity 2682K, committed 2688K, reserved 1048576K
}
Event: 4.451 GC heap before
{Heap before GC invocations=5 (full 0):
 garbage-first heap   total 131072K, used 45359K [0x0000000081800000, 0x0000000100000000)
  region size 1024K, 41 young (41984K), 3 survivors (3072K)
 Metaspace       used 25941K, capacity 26879K, committed 27004K, reserved 1073152K
  class space    used 3156K, capacity 3511K, committed 3532K, reserved 1048576K
}
Event: 4.461 GC heap after
{Heap after GC invocations=6 (full 0):
 garbage-first heap   total 131072K, used 9808K [0x0000000081800000, 0x0000000100000000)
  region size 1024K, 5 young (5120K), 5 survivors (5120K)
 Metaspace       used 25941K, capacity 26879K, committed 27004K, reserved 1073152K
  class space    used 3156K, capacity 3511K, committed 3532K, reserved 1048576K
}
Event: 6.401 GC heap before
{Heap before GC invocations=6 (full 0):
 garbage-first heap   total 131072K, used 82512K [0x0000000081800000, 0x0000000100000000)
  region size 1024K, 76 young (77824K), 5 survivors (5120K)
 Metaspace       used 34532K, capacity 35795K, committed 36048K, reserved 1081344K
  class space    used 4327K, capacity 4874K, committed 4940K, reserved 1048576K
}
Event: 6.418 GC heap after
{Heap after GC invocations=7 (full 0):
 garbage-first heap   total 131072K, used 13715K [0x0000000081800000, 0x0000000100000000)
  region size 1024K, 9 young (9216K), 9 survivors (9216K)
 Metaspace       used 34532K, capacity 35795K, committed 36048K, reserved 1081344K
  class space    used 4327K, capacity 4874K, committed 4940K, reserved 1048576K
}
Event: 6.435 GC heap before
{Heap before GC invocations=7 (full 0):
 garbage-first heap   total 131072K, used 13715K [0x0000000081800000, 0x0000000100000000)
  region size 1024K, 10 young (10240K), 9 survivors (9216K)
 Metaspace       used 34693K, capacity 35972K, committed 36048K, reserved 1081344K
  class space    used 4348K, capacity 4891K, committed 4940K, reserved 1048576K
}

